Nov 1, 2011 11:42:20 AM org.apache.solr.core.SolrResourceLoader locateSolrHome
INFO: JNDI not configured for solr (NoInitialContextEx)
Nov 1, 2011 11:42:20 AM org.apache.solr.core.SolrResourceLoader locateSolrHome
INFO: using system property solr.solr.home: /Users/grit/Projects/rails/sample_app/solr
Nov 1, 2011 11:42:20 AM org.apache.solr.core.SolrResourceLoader <init>
INFO: Solr home set to '/Users/grit/Projects/rails/sample_app/solr/'
Nov 1, 2011 11:42:20 AM org.apache.solr.servlet.SolrDispatchFilter init
INFO: SolrDispatchFilter.init()
Nov 1, 2011 11:42:20 AM org.apache.solr.core.SolrResourceLoader locateSolrHome
INFO: JNDI not configured for solr (NoInitialContextEx)
Nov 1, 2011 11:42:20 AM org.apache.solr.core.SolrResourceLoader locateSolrHome
INFO: using system property solr.solr.home: /Users/grit/Projects/rails/sample_app/solr
Nov 1, 2011 11:42:20 AM org.apache.solr.core.CoreContainer$Initializer initialize
INFO: looking for solr.xml: /Users/grit/Projects/rails/sample_app/solr/solr.xml
Nov 1, 2011 11:42:20 AM org.apache.solr.core.SolrResourceLoader <init>
INFO: Solr home set to '/Users/grit/Projects/rails/sample_app/solr/'
Nov 1, 2011 11:42:20 AM org.apache.solr.core.SolrConfig initLibs
INFO: Adding specified lib dirs to ClassLoader
Nov 1, 2011 11:42:20 AM org.apache.solr.core.SolrConfig <init>
INFO: Loaded SolrConfig: solrconfig.xml
Nov 1, 2011 11:42:21 AM org.apache.solr.core.SolrCore <init>
INFO: Opening new SolrCore at /Users/grit/Projects/rails/sample_app/solr/, dataDir=/Users/grit/Projects/rails/sample_app/solr/data/development/
Nov 1, 2011 11:42:21 AM org.apache.solr.schema.IndexSchema readSchema
INFO: Reading Solr Schema
Nov 1, 2011 11:42:21 AM org.apache.solr.schema.IndexSchema readSchema
INFO: Schema name=sunspot
Nov 1, 2011 11:42:21 AM org.apache.solr.util.plugin.AbstractPluginLoader load
INFO: created string: org.apache.solr.schema.StrField
Nov 1, 2011 11:42:21 AM org.apache.solr.util.plugin.AbstractPluginLoader load
INFO: created tdouble: org.apache.solr.schema.TrieDoubleField
Nov 1, 2011 11:42:21 AM org.apache.solr.util.plugin.AbstractPluginLoader load
INFO: created rand: org.apache.solr.schema.RandomSortField
Nov 1, 2011 11:42:21 AM org.apache.solr.util.plugin.AbstractPluginLoader load
INFO: created null: org.apache.solr.analysis.StandardTokenizerFactory
Nov 1, 2011 11:42:21 AM org.apache.solr.util.plugin.AbstractPluginLoader load
INFO: created null: org.apache.solr.analysis.StandardFilterFactory
Nov 1, 2011 11:42:21 AM org.apache.solr.util.plugin.AbstractPluginLoader load
INFO: created null: org.apache.solr.analysis.LowerCaseFilterFactory
Nov 1, 2011 11:42:21 AM org.apache.solr.util.plugin.AbstractPluginLoader load
INFO: created text: org.apache.solr.schema.TextField
Nov 1, 2011 11:42:21 AM org.apache.solr.util.plugin.AbstractPluginLoader load
INFO: created boolean: org.apache.solr.schema.BoolField
Nov 1, 2011 11:42:21 AM org.apache.solr.util.plugin.AbstractPluginLoader load
INFO: created date: org.apache.solr.schema.DateField
Nov 1, 2011 11:42:21 AM org.apache.solr.util.plugin.AbstractPluginLoader load
INFO: created sdouble: org.apache.solr.schema.SortableDoubleField
Nov 1, 2011 11:42:21 AM org.apache.solr.util.plugin.AbstractPluginLoader load
INFO: created sfloat: org.apache.solr.schema.SortableFloatField
Nov 1, 2011 11:42:21 AM org.apache.solr.util.plugin.AbstractPluginLoader load
INFO: created sint: org.apache.solr.schema.SortableIntField
Nov 1, 2011 11:42:21 AM org.apache.solr.util.plugin.AbstractPluginLoader load
INFO: created slong: org.apache.solr.schema.SortableLongField
Nov 1, 2011 11:42:21 AM org.apache.solr.util.plugin.AbstractPluginLoader load
INFO: created tint: org.apache.solr.schema.TrieIntField
Nov 1, 2011 11:42:21 AM org.apache.solr.util.plugin.AbstractPluginLoader load
INFO: created tfloat: org.apache.solr.schema.TrieFloatField
Nov 1, 2011 11:42:21 AM org.apache.solr.util.plugin.AbstractPluginLoader load
INFO: created tdate: org.apache.solr.schema.TrieDateField
Nov 1, 2011 11:42:21 AM org.apache.solr.schema.IndexSchema readSchema
INFO: default search field is text
Nov 1, 2011 11:42:21 AM org.apache.solr.schema.IndexSchema readSchema
INFO: query parser default operator is AND
Nov 1, 2011 11:42:21 AM org.apache.solr.schema.IndexSchema readSchema
INFO: unique key field: id
Nov 1, 2011 11:42:21 AM org.apache.solr.core.JmxMonitoredMap <init>
INFO: No JMX servers found, not exposing Solr information with JMX.
Nov 1, 2011 11:42:21 AM org.apache.solr.core.SolrCore initListeners
INFO: Added SolrEventListener: org.apache.solr.core.QuerySenderListener{queries=[]}
Nov 1, 2011 11:42:21 AM org.apache.solr.core.SolrCore initListeners
INFO: Added SolrEventListener: org.apache.solr.core.QuerySenderListener{queries=[{q=solr rocks,start=0,rows=10}, {q=static firstSearcher warming query from solrconfig.xml}]}
Nov 1, 2011 11:42:21 AM org.apache.solr.core.SolrCore initIndex
WARNING: Solr index directory '/Users/grit/Projects/rails/sample_app/solr/data/development/index' doesn't exist. Creating new index...
Nov 1, 2011 11:42:21 AM org.apache.solr.core.SolrDeletionPolicy onInit
INFO: SolrDeletionPolicy.onInit: commits:num=1
	commit{dir=/Users/grit/Projects/rails/sample_app/solr/data/development/index,segFN=segments_1,version=1320162141106,generation=1,filenames=[segments_1]
Nov 1, 2011 11:42:21 AM org.apache.solr.core.SolrDeletionPolicy updateCommits
INFO: newest commit = 1320162141106
Nov 1, 2011 11:42:21 AM org.apache.solr.request.XSLTResponseWriter init
INFO: xsltCacheLifetimeSeconds=5
Nov 1, 2011 11:42:21 AM org.apache.solr.core.RequestHandlers initHandlersFromConfig
INFO: created standard: solr.SearchHandler
Nov 1, 2011 11:42:21 AM org.apache.solr.core.RequestHandlers initHandlersFromConfig
INFO: created dismax: solr.SearchHandler
Nov 1, 2011 11:42:21 AM org.apache.solr.core.RequestHandlers initHandlersFromConfig
INFO: created partitioned: solr.SearchHandler
Nov 1, 2011 11:42:21 AM org.apache.solr.core.RequestHandlers initHandlersFromConfig
INFO: created /spell: solr.SearchHandler
Nov 1, 2011 11:42:21 AM org.apache.solr.core.RequestHandlers initHandlersFromConfig
INFO: created tvrh: org.apache.solr.handler.component.SearchHandler
Nov 1, 2011 11:42:21 AM org.apache.solr.core.RequestHandlers initHandlersFromConfig
INFO: adding lazy requestHandler: org.apache.solr.handler.extraction.ExtractingRequestHandler
Nov 1, 2011 11:42:21 AM org.apache.solr.core.RequestHandlers initHandlersFromConfig
INFO: created /update/extract: org.apache.solr.handler.extraction.ExtractingRequestHandler
Nov 1, 2011 11:42:21 AM org.apache.solr.core.RequestHandlers initHandlersFromConfig
INFO: created /terms: org.apache.solr.handler.component.SearchHandler
Nov 1, 2011 11:42:21 AM org.apache.solr.core.RequestHandlers initHandlersFromConfig
INFO: adding lazy requestHandler: solr.SearchHandler
Nov 1, 2011 11:42:21 AM org.apache.solr.core.RequestHandlers initHandlersFromConfig
INFO: created /elevate: solr.SearchHandler
Nov 1, 2011 11:42:21 AM org.apache.solr.core.RequestHandlers initHandlersFromConfig
INFO: created /update: solr.XmlUpdateRequestHandler
Nov 1, 2011 11:42:21 AM org.apache.solr.core.RequestHandlers initHandlersFromConfig
INFO: created /update/javabin: solr.BinaryUpdateRequestHandler
Nov 1, 2011 11:42:21 AM org.apache.solr.core.RequestHandlers initHandlersFromConfig
INFO: created /analysis/document: solr.DocumentAnalysisRequestHandler
Nov 1, 2011 11:42:21 AM org.apache.solr.core.RequestHandlers initHandlersFromConfig
INFO: created /analysis/field: solr.FieldAnalysisRequestHandler
Nov 1, 2011 11:42:21 AM org.apache.solr.core.RequestHandlers initHandlersFromConfig
INFO: adding lazy requestHandler: solr.CSVRequestHandler
Nov 1, 2011 11:42:21 AM org.apache.solr.core.RequestHandlers initHandlersFromConfig
INFO: created /update/csv: solr.CSVRequestHandler
Nov 1, 2011 11:42:21 AM org.apache.solr.core.RequestHandlers initHandlersFromConfig
INFO: created /admin/: org.apache.solr.handler.admin.AdminHandlers
Nov 1, 2011 11:42:21 AM org.apache.solr.core.RequestHandlers initHandlersFromConfig
INFO: created /admin/ping: PingRequestHandler
Nov 1, 2011 11:42:21 AM org.apache.solr.core.RequestHandlers initHandlersFromConfig
INFO: created /debug/dump: solr.DumpRequestHandler
Nov 1, 2011 11:42:21 AM org.apache.solr.core.RequestHandlers initHandlersFromConfig
INFO: created /mlt: solr.MoreLikeThisHandler
Nov 1, 2011 11:42:21 AM org.apache.solr.search.SolrIndexSearcher <init>
INFO: Opening Searcher@2825491d main
Nov 1, 2011 11:42:21 AM org.apache.solr.update.DirectUpdateHandler2$CommitTracker <init>
INFO: AutoCommit: disabled
Nov 1, 2011 11:42:21 AM org.apache.solr.handler.component.SpellCheckComponent inform
INFO: Initializing spell checkers
Nov 1, 2011 11:42:21 AM org.apache.solr.spelling.AbstractLuceneSpellChecker init
INFO: Using WhitespaceAnalzyer for dictionary: default
Nov 1, 2011 11:42:21 AM org.apache.solr.handler.component.SpellCheckComponent inform
WARNING: No queryConverter defined, using default converter
Nov 1, 2011 11:42:21 AM org.apache.solr.handler.component.QueryElevationComponent inform
INFO: Loading QueryElevation from: /Users/grit/Projects/rails/sample_app/solr/conf/elevate.xml
Nov 1, 2011 11:42:21 AM org.apache.solr.handler.component.SearchHandler inform
INFO: Adding  component:org.apache.solr.handler.component.QueryComponent@42652110
Nov 1, 2011 11:42:21 AM org.apache.solr.handler.component.SearchHandler inform
INFO: Adding  component:org.apache.solr.handler.component.FacetComponent@7d5dc37d
Nov 1, 2011 11:42:21 AM org.apache.solr.handler.component.SearchHandler inform
INFO: Adding  component:org.apache.solr.handler.component.MoreLikeThisComponent@16cd83d8
Nov 1, 2011 11:42:21 AM org.apache.solr.handler.component.SearchHandler inform
INFO: Adding  component:org.apache.solr.handler.component.HighlightComponent@e8ae59a
Nov 1, 2011 11:42:21 AM org.apache.solr.handler.component.SearchHandler inform
INFO: Adding  component:org.apache.solr.handler.component.StatsComponent@40e7e8eb
Nov 1, 2011 11:42:21 AM org.apache.solr.handler.component.SearchHandler inform
INFO: Adding  debug component:org.apache.solr.handler.component.DebugComponent@396cbd97
Nov 1, 2011 11:42:21 AM org.apache.solr.handler.component.SearchHandler inform
INFO: Adding  component:org.apache.solr.handler.component.QueryComponent@42652110
Nov 1, 2011 11:42:21 AM org.apache.solr.handler.component.SearchHandler inform
INFO: Adding  component:org.apache.solr.handler.component.FacetComponent@7d5dc37d
Nov 1, 2011 11:42:21 AM org.apache.solr.handler.component.SearchHandler inform
INFO: Adding  component:org.apache.solr.handler.component.MoreLikeThisComponent@16cd83d8
Nov 1, 2011 11:42:21 AM org.apache.solr.handler.component.SearchHandler inform
INFO: Adding  component:org.apache.solr.handler.component.HighlightComponent@e8ae59a
Nov 1, 2011 11:42:21 AM org.apache.solr.handler.component.SearchHandler inform
INFO: Adding  component:org.apache.solr.handler.component.StatsComponent@40e7e8eb
Nov 1, 2011 11:42:21 AM org.apache.solr.handler.component.SearchHandler inform
INFO: Adding  debug component:org.apache.solr.handler.component.DebugComponent@396cbd97
Nov 1, 2011 11:42:21 AM org.apache.solr.handler.component.SearchHandler inform
INFO: Adding  component:org.apache.solr.handler.component.QueryComponent@42652110
Nov 1, 2011 11:42:21 AM org.apache.solr.handler.component.SearchHandler inform
INFO: Adding  component:org.apache.solr.handler.component.FacetComponent@7d5dc37d
Nov 1, 2011 11:42:21 AM org.apache.solr.handler.component.SearchHandler inform
INFO: Adding  component:org.apache.solr.handler.component.MoreLikeThisComponent@16cd83d8
Nov 1, 2011 11:42:21 AM org.apache.solr.handler.component.SearchHandler inform
INFO: Adding  component:org.apache.solr.handler.component.HighlightComponent@e8ae59a
Nov 1, 2011 11:42:21 AM org.apache.solr.handler.component.SearchHandler inform
INFO: Adding  component:org.apache.solr.handler.component.StatsComponent@40e7e8eb
Nov 1, 2011 11:42:21 AM org.apache.solr.handler.component.SearchHandler inform
INFO: Adding  debug component:org.apache.solr.handler.component.DebugComponent@396cbd97
Nov 1, 2011 11:42:21 AM org.apache.solr.handler.component.SearchHandler inform
INFO: Adding  component:org.apache.solr.handler.component.QueryComponent@42652110
Nov 1, 2011 11:42:21 AM org.apache.solr.handler.component.SearchHandler inform
INFO: Adding  component:org.apache.solr.handler.component.FacetComponent@7d5dc37d
Nov 1, 2011 11:42:21 AM org.apache.solr.handler.component.SearchHandler inform
INFO: Adding  component:org.apache.solr.handler.component.MoreLikeThisComponent@16cd83d8
Nov 1, 2011 11:42:21 AM org.apache.solr.handler.component.SearchHandler inform
INFO: Adding  component:org.apache.solr.handler.component.HighlightComponent@e8ae59a
Nov 1, 2011 11:42:21 AM org.apache.solr.handler.component.SearchHandler inform
INFO: Adding  component:org.apache.solr.handler.component.StatsComponent@40e7e8eb
Nov 1, 2011 11:42:21 AM org.apache.solr.handler.component.SearchHandler inform
INFO: Adding  component:org.apache.solr.handler.component.SpellCheckComponent@121321f5
Nov 1, 2011 11:42:21 AM org.apache.solr.handler.component.SearchHandler inform
INFO: Adding  debug component:org.apache.solr.handler.component.DebugComponent@396cbd97
Nov 1, 2011 11:42:21 AM org.apache.solr.handler.component.SearchHandler inform
INFO: Adding  component:org.apache.solr.handler.component.QueryComponent@42652110
Nov 1, 2011 11:42:21 AM org.apache.solr.handler.component.SearchHandler inform
INFO: Adding  component:org.apache.solr.handler.component.FacetComponent@7d5dc37d
Nov 1, 2011 11:42:21 AM org.apache.solr.handler.component.SearchHandler inform
INFO: Adding  component:org.apache.solr.handler.component.MoreLikeThisComponent@16cd83d8
Nov 1, 2011 11:42:21 AM org.apache.solr.handler.component.SearchHandler inform
INFO: Adding  component:org.apache.solr.handler.component.HighlightComponent@e8ae59a
Nov 1, 2011 11:42:21 AM org.apache.solr.handler.component.SearchHandler inform
INFO: Adding  component:org.apache.solr.handler.component.StatsComponent@40e7e8eb
Nov 1, 2011 11:42:21 AM org.apache.solr.handler.component.SearchHandler inform
INFO: Adding  component:org.apache.solr.handler.component.TermVectorComponent@261a6518
Nov 1, 2011 11:42:21 AM org.apache.solr.handler.component.SearchHandler inform
INFO: Adding  debug component:org.apache.solr.handler.component.DebugComponent@396cbd97
Nov 1, 2011 11:42:21 AM org.apache.solr.handler.component.SearchHandler inform
INFO: Adding  component:org.apache.solr.handler.component.TermsComponent@ee31e33
Nov 1, 2011 11:42:21 AM org.apache.solr.core.QuerySenderListener newSearcher
INFO: QuerySenderListener sending requests to Searcher@2825491d main
Nov 1, 2011 11:42:21 AM org.apache.solr.core.CoreContainer register
INFO: registering core: 
Nov 1, 2011 11:42:21 AM org.apache.solr.servlet.SolrDispatchFilter init
INFO: user.dir=/Users/grit/.rvm/gems/ruby-1.9.2-p180/gems/sunspot-1.2.1/solr
Nov 1, 2011 11:42:21 AM org.apache.solr.servlet.SolrDispatchFilter init
INFO: SolrDispatchFilter.init() done
Nov 1, 2011 11:42:21 AM org.apache.solr.core.SolrCore execute
INFO: [] webapp=null path=null params={start=0&event=firstSearcher&q=solr+rocks&rows=10} hits=0 status=0 QTime=21 
Nov 1, 2011 11:42:21 AM org.apache.solr.core.SolrCore execute
INFO: [] webapp=null path=null params={event=firstSearcher&q=static+firstSearcher+warming+query+from+solrconfig.xml} hits=0 status=0 QTime=0 
Nov 1, 2011 11:42:21 AM org.apache.solr.core.QuerySenderListener newSearcher
INFO: QuerySenderListener done.
Nov 1, 2011 11:42:21 AM org.apache.solr.handler.component.SpellCheckComponent$SpellCheckerListener newSearcher
INFO: Loading spell index for spellchecker: default
Nov 1, 2011 11:42:21 AM org.apache.solr.core.SolrCore registerSearcher
INFO: [] Registered new searcher Searcher@2825491d main
Nov 1, 2011 11:42:21 AM org.apache.solr.servlet.SolrServlet init
INFO: SolrServlet.init()
Nov 1, 2011 11:42:21 AM org.apache.solr.core.SolrResourceLoader locateSolrHome
INFO: JNDI not configured for solr (NoInitialContextEx)
Nov 1, 2011 11:42:21 AM org.apache.solr.core.SolrResourceLoader locateSolrHome
INFO: using system property solr.solr.home: /Users/grit/Projects/rails/sample_app/solr
Nov 1, 2011 11:42:21 AM org.apache.solr.servlet.SolrServlet init
INFO: SolrServlet.init() done
Nov 1, 2011 11:42:21 AM org.apache.solr.core.SolrResourceLoader locateSolrHome
INFO: JNDI not configured for solr (NoInitialContextEx)
Nov 1, 2011 11:42:21 AM org.apache.solr.core.SolrResourceLoader locateSolrHome
INFO: using system property solr.solr.home: /Users/grit/Projects/rails/sample_app/solr
Nov 1, 2011 11:42:21 AM org.apache.solr.servlet.SolrUpdateServlet init
INFO: SolrUpdateServlet.init() done
Nov 1, 2011 11:43:12 AM org.apache.solr.core.SolrDeletionPolicy onInit
INFO: SolrDeletionPolicy.onInit: commits:num=1
	commit{dir=/Users/grit/Projects/rails/sample_app/solr/data/development/index,segFN=segments_1,version=1320162141106,generation=1,filenames=[segments_1]
Nov 1, 2011 11:43:12 AM org.apache.solr.core.SolrDeletionPolicy updateCommits
INFO: newest commit = 1320162141106
Nov 1, 2011 11:43:12 AM org.apache.solr.update.processor.LogUpdateProcessor finish
INFO: {deleteByQuery=type:User} 0 26
Nov 1, 2011 11:43:12 AM org.apache.solr.core.SolrCore execute
INFO: [] webapp=/solr path=/update params={wt=ruby} status=0 QTime=26 
Nov 1, 2011 11:43:12 AM org.apache.solr.update.processor.LogUpdateProcessor finish
INFO: {add=[User 1, User 2, User 3, User 4, User 5, User 6, User 7, User 8, ... (8 added)]} 0 34
Nov 1, 2011 11:43:12 AM org.apache.solr.core.SolrCore execute
INFO: [] webapp=/solr path=/update params={wt=ruby} status=0 QTime=34 
Nov 1, 2011 11:43:12 AM org.apache.solr.update.processor.LogUpdateProcessor finish
INFO: {add=[User 51, User 52, User 53, User 54, User 55, User 56, User 57, User 58, ... (8 added)]} 0 15
Nov 1, 2011 11:43:12 AM org.apache.solr.core.SolrCore execute
INFO: [] webapp=/solr path=/update params={wt=ruby} status=0 QTime=15 
Nov 1, 2011 11:43:12 AM org.apache.solr.update.DirectUpdateHandler2 commit
INFO: start commit(optimize=false,waitFlush=false,waitSearcher=true,expungeDeletes=false)
Nov 1, 2011 11:43:12 AM org.apache.solr.core.SolrDeletionPolicy onCommit
INFO: SolrDeletionPolicy.onCommit: commits:num=2
	commit{dir=/Users/grit/Projects/rails/sample_app/solr/data/development/index,segFN=segments_1,version=1320162141106,generation=1,filenames=[segments_1]
	commit{dir=/Users/grit/Projects/rails/sample_app/solr/data/development/index,segFN=segments_2,version=1320162141107,generation=2,filenames=[_0.nrm, _0.tis, _0.fnm, _0.tii, _0.frq, segments_2, _0.fdx, _0.prx, _0.fdt]
Nov 1, 2011 11:43:12 AM org.apache.solr.core.SolrDeletionPolicy updateCommits
INFO: newest commit = 1320162141107
Nov 1, 2011 11:43:12 AM org.apache.solr.search.SolrIndexSearcher <init>
INFO: Opening Searcher@202264da main
Nov 1, 2011 11:43:12 AM org.apache.solr.update.DirectUpdateHandler2 commit
INFO: end_commit_flush
Nov 1, 2011 11:43:12 AM org.apache.solr.search.SolrIndexSearcher warm
INFO: autowarming Searcher@202264da main from Searcher@2825491d main
	fieldValueCache{lookups=0,hits=0,hitratio=0.00,inserts=0,evictions=0,size=0,warmupTime=0,cumulative_lookups=0,cumulative_hits=0,cumulative_hitratio=0.00,cumulative_inserts=0,cumulative_evictions=0}
Nov 1, 2011 11:43:12 AM org.apache.solr.search.SolrIndexSearcher warm
INFO: autowarming result for Searcher@202264da main
	fieldValueCache{lookups=0,hits=0,hitratio=0.00,inserts=0,evictions=0,size=0,warmupTime=0,cumulative_lookups=0,cumulative_hits=0,cumulative_hitratio=0.00,cumulative_inserts=0,cumulative_evictions=0}
Nov 1, 2011 11:43:12 AM org.apache.solr.search.SolrIndexSearcher warm
INFO: autowarming Searcher@202264da main from Searcher@2825491d main
	filterCache{lookups=0,hits=0,hitratio=0.00,inserts=0,evictions=0,size=0,warmupTime=0,cumulative_lookups=0,cumulative_hits=0,cumulative_hitratio=0.00,cumulative_inserts=0,cumulative_evictions=0}
Nov 1, 2011 11:43:12 AM org.apache.solr.search.SolrIndexSearcher warm
INFO: autowarming result for Searcher@202264da main
	filterCache{lookups=0,hits=0,hitratio=0.00,inserts=0,evictions=0,size=0,warmupTime=0,cumulative_lookups=0,cumulative_hits=0,cumulative_hitratio=0.00,cumulative_inserts=0,cumulative_evictions=0}
Nov 1, 2011 11:43:12 AM org.apache.solr.search.SolrIndexSearcher warm
INFO: autowarming Searcher@202264da main from Searcher@2825491d main
	queryResultCache{lookups=0,hits=0,hitratio=0.00,inserts=2,evictions=0,size=2,warmupTime=0,cumulative_lookups=0,cumulative_hits=0,cumulative_hitratio=0.00,cumulative_inserts=0,cumulative_evictions=0}
Nov 1, 2011 11:43:12 AM org.apache.solr.search.SolrIndexSearcher warm
INFO: autowarming result for Searcher@202264da main
	queryResultCache{lookups=0,hits=0,hitratio=0.00,inserts=0,evictions=0,size=0,warmupTime=0,cumulative_lookups=0,cumulative_hits=0,cumulative_hitratio=0.00,cumulative_inserts=0,cumulative_evictions=0}
Nov 1, 2011 11:43:12 AM org.apache.solr.search.SolrIndexSearcher warm
INFO: autowarming Searcher@202264da main from Searcher@2825491d main
	documentCache{lookups=0,hits=0,hitratio=0.00,inserts=0,evictions=0,size=0,warmupTime=0,cumulative_lookups=0,cumulative_hits=0,cumulative_hitratio=0.00,cumulative_inserts=0,cumulative_evictions=0}
Nov 1, 2011 11:43:12 AM org.apache.solr.search.SolrIndexSearcher warm
INFO: autowarming result for Searcher@202264da main
	documentCache{lookups=0,hits=0,hitratio=0.00,inserts=0,evictions=0,size=0,warmupTime=0,cumulative_lookups=0,cumulative_hits=0,cumulative_hitratio=0.00,cumulative_inserts=0,cumulative_evictions=0}
Nov 1, 2011 11:43:12 AM org.apache.solr.core.QuerySenderListener newSearcher
INFO: QuerySenderListener sending requests to Searcher@202264da main
Nov 1, 2011 11:43:12 AM org.apache.solr.core.QuerySenderListener newSearcher
INFO: QuerySenderListener done.
Nov 1, 2011 11:43:12 AM org.apache.solr.core.SolrCore registerSearcher
INFO: [] Registered new searcher Searcher@202264da main
Nov 1, 2011 11:43:12 AM org.apache.solr.search.SolrIndexSearcher close
INFO: Closing Searcher@2825491d main
	fieldValueCache{lookups=0,hits=0,hitratio=0.00,inserts=0,evictions=0,size=0,warmupTime=0,cumulative_lookups=0,cumulative_hits=0,cumulative_hitratio=0.00,cumulative_inserts=0,cumulative_evictions=0}
	filterCache{lookups=0,hits=0,hitratio=0.00,inserts=0,evictions=0,size=0,warmupTime=0,cumulative_lookups=0,cumulative_hits=0,cumulative_hitratio=0.00,cumulative_inserts=0,cumulative_evictions=0}
	queryResultCache{lookups=0,hits=0,hitratio=0.00,inserts=2,evictions=0,size=2,warmupTime=0,cumulative_lookups=0,cumulative_hits=0,cumulative_hitratio=0.00,cumulative_inserts=0,cumulative_evictions=0}
	documentCache{lookups=0,hits=0,hitratio=0.00,inserts=0,evictions=0,size=0,warmupTime=0,cumulative_lookups=0,cumulative_hits=0,cumulative_hitratio=0.00,cumulative_inserts=0,cumulative_evictions=0}
Nov 1, 2011 11:43:12 AM org.apache.solr.update.processor.LogUpdateProcessor finish
INFO: {commit=} 0 55
Nov 1, 2011 11:43:12 AM org.apache.solr.core.SolrCore execute
INFO: [] webapp=/solr path=/update params={wt=ruby} status=0 QTime=55 
Nov 1, 2011 11:47:19 AM org.apache.solr.core.SolrCore execute
INFO: [] webapp=/solr path=/select params={fl=*+score&start=0&q=grit&qf=name_text+handle_text&wt=ruby&fq=type:User&defType=dismax&rows=30} hits=1 status=0 QTime=12 
Nov 1, 2011 12:13:57 PM org.apache.solr.core.SolrCore execute
INFO: [] webapp=/solr path=/select params={wt=ruby&start=0&fq=type:User&q=*:*&rows=30} hits=100 status=0 QTime=2 
Nov 1, 2011 12:14:51 PM org.apache.solr.core.SolrCore execute
INFO: [] webapp=/solr path=/select params={wt=ruby&start=0&fq=type:User&q=*:*&rows=30} hits=100 status=0 QTime=1 
Nov 1, 2011 12:15:45 PM org.apache.solr.core.SolrCore execute
INFO: [] webapp=/solr path=/select params={wt=ruby&start=0&fq=type:User&q=*:*&rows=30} hits=100 status=0 QTime=0 
Nov 1, 2011 12:17:56 PM org.apache.solr.core.SolrCore execute
INFO: [] webapp=/solr path=/select params={wt=ruby&start=0&fq=type:User&q=*:*&rows=30} hits=100 status=0 QTime=0 
Nov 1, 2011 12:19:09 PM org.apache.solr.core.SolrCore execute
INFO: [] webapp=/solr path=/select params={wt=ruby&start=0&fq=type:User&q=*:*&rows=30} hits=100 status=0 QTime=0 
Nov 1, 2011 12:19:51 PM org.apache.solr.core.SolrCore execute
INFO: [] webapp=/solr path=/select params={wt=ruby&start=0&fq=type:User&q=*:*&rows=30} hits=100 status=0 QTime=1 
Nov 1, 2011 12:22:21 PM org.apache.solr.core.SolrCore execute
INFO: [] webapp=/solr path=/select params={wt=ruby&start=0&fq=type:User&q=*:*&rows=30} hits=100 status=0 QTime=0 
Nov 1, 2011 12:22:39 PM org.apache.solr.core.SolrCore execute
INFO: [] webapp=/solr path=/select params={wt=ruby&start=0&fq=type:User&q=*:*&rows=30} hits=100 status=0 QTime=1 
Nov 1, 2011 12:23:27 PM org.apache.solr.core.SolrCore execute
INFO: [] webapp=/solr path=/select params={wt=ruby&start=0&fq=type:User&q=*:*&rows=30} hits=100 status=0 QTime=0 
Nov 1, 2011 12:23:33 PM org.apache.solr.core.SolrCore execute
INFO: [] webapp=/solr path=/select params={wt=ruby&start=0&fq=type:User&q=*:*&rows=30} hits=100 status=0 QTime=0 
Nov 1, 2011 12:23:37 PM org.apache.solr.core.SolrCore execute
INFO: [] webapp=/solr path=/select params={wt=ruby&start=0&fq=type:User&q=*:*&rows=30} hits=100 status=0 QTime=0 
Nov 1, 2011 12:23:41 PM org.apache.solr.core.SolrCore execute
INFO: [] webapp=/solr path=/select params={wt=ruby&start=0&fq=type:User&q=*:*&rows=30} hits=100 status=0 QTime=0 
Nov 1, 2011 12:24:15 PM org.apache.solr.core.SolrCore execute
INFO: [] webapp=/solr path=/select params={wt=ruby&start=0&fq=type:User&q=*:*&rows=30} hits=100 status=0 QTime=0 
Nov 1, 2011 12:24:25 PM org.apache.solr.core.SolrCore execute
INFO: [] webapp=/solr path=/select params={wt=ruby&start=0&fq=type:User&q=*:*&rows=30} hits=100 status=0 QTime=1 
Nov 1, 2011 12:24:55 PM org.apache.solr.core.SolrDeletionPolicy onInit
INFO: SolrDeletionPolicy.onInit: commits:num=1
	commit{dir=/Users/grit/Projects/rails/sample_app/solr/data/development/index,segFN=segments_2,version=1320162141107,generation=2,filenames=[_0.nrm, _0.tis, _0.fnm, _0.tii, _0.frq, segments_2, _0.fdx, _0.prx, _0.fdt]
Nov 1, 2011 12:24:55 PM org.apache.solr.core.SolrDeletionPolicy updateCommits
INFO: newest commit = 1320162141107
Nov 1, 2011 12:24:55 PM org.apache.solr.update.processor.LogUpdateProcessor finish
INFO: {deleteByQuery=type:User} 0 3
Nov 1, 2011 12:24:55 PM org.apache.solr.core.SolrCore execute
INFO: [] webapp=/solr path=/update params={wt=ruby} status=0 QTime=3 
Nov 1, 2011 12:24:55 PM org.apache.solr.update.processor.LogUpdateProcessor finish
INFO: {add=[User 1, User 2, User 3, User 4, User 5, User 6, User 7, User 8, ... (8 added)]} 0 15
Nov 1, 2011 12:24:55 PM org.apache.solr.core.SolrCore execute
INFO: [] webapp=/solr path=/update params={wt=ruby} status=0 QTime=15 
Nov 1, 2011 12:24:55 PM org.apache.solr.update.processor.LogUpdateProcessor finish
INFO: {add=[User 51, User 52, User 53, User 54, User 55, User 56, User 57, User 58, ... (8 added)]} 0 15
Nov 1, 2011 12:24:55 PM org.apache.solr.core.SolrCore execute
INFO: [] webapp=/solr path=/update params={wt=ruby} status=0 QTime=15 
Nov 1, 2011 12:24:55 PM org.apache.solr.update.DirectUpdateHandler2 commit
INFO: start commit(optimize=false,waitFlush=false,waitSearcher=true,expungeDeletes=false)
Nov 1, 2011 12:24:55 PM org.apache.solr.core.SolrDeletionPolicy onCommit
INFO: SolrDeletionPolicy.onCommit: commits:num=2
	commit{dir=/Users/grit/Projects/rails/sample_app/solr/data/development/index,segFN=segments_2,version=1320162141107,generation=2,filenames=[_0.nrm, _0.tis, _0.fnm, _0.tii, _0.frq, segments_2, _0.fdx, _0.prx, _0.fdt]
	commit{dir=/Users/grit/Projects/rails/sample_app/solr/data/development/index,segFN=segments_3,version=1320162141108,generation=3,filenames=[_0.tis, _0.nrm, _1.tis, _0.fnm, _1.frq, _0_1.del, _1.fnm, _1.fdx, _1.prx, _0.tii, _1.fdt, _0.frq, _1.tii, _0.fdx, _0.prx, _1.nrm, segments_3, _0.fdt]
Nov 1, 2011 12:24:55 PM org.apache.solr.core.SolrDeletionPolicy updateCommits
INFO: newest commit = 1320162141108
Nov 1, 2011 12:24:55 PM org.apache.solr.search.SolrIndexSearcher <init>
INFO: Opening Searcher@6257828d main
Nov 1, 2011 12:24:55 PM org.apache.solr.update.DirectUpdateHandler2 commit
INFO: end_commit_flush
Nov 1, 2011 12:24:55 PM org.apache.solr.search.SolrIndexSearcher warm
INFO: autowarming Searcher@6257828d main from Searcher@202264da main
	fieldValueCache{lookups=0,hits=0,hitratio=0.00,inserts=0,evictions=0,size=0,warmupTime=0,cumulative_lookups=0,cumulative_hits=0,cumulative_hitratio=0.00,cumulative_inserts=0,cumulative_evictions=0}
Nov 1, 2011 12:24:55 PM org.apache.solr.search.SolrIndexSearcher warm
INFO: autowarming result for Searcher@6257828d main
	fieldValueCache{lookups=0,hits=0,hitratio=0.00,inserts=0,evictions=0,size=0,warmupTime=0,cumulative_lookups=0,cumulative_hits=0,cumulative_hitratio=0.00,cumulative_inserts=0,cumulative_evictions=0}
Nov 1, 2011 12:24:55 PM org.apache.solr.search.SolrIndexSearcher warm
INFO: autowarming Searcher@6257828d main from Searcher@202264da main
	filterCache{lookups=2,hits=1,hitratio=0.50,inserts=1,evictions=0,size=1,warmupTime=0,cumulative_lookups=2,cumulative_hits=1,cumulative_hitratio=0.50,cumulative_inserts=1,cumulative_evictions=0}
Nov 1, 2011 12:24:55 PM org.apache.solr.search.SolrIndexSearcher warm
INFO: autowarming result for Searcher@6257828d main
	filterCache{lookups=0,hits=0,hitratio=0.00,inserts=0,evictions=0,size=0,warmupTime=0,cumulative_lookups=2,cumulative_hits=1,cumulative_hitratio=0.50,cumulative_inserts=1,cumulative_evictions=0}
Nov 1, 2011 12:24:55 PM org.apache.solr.search.SolrIndexSearcher warm
INFO: autowarming Searcher@6257828d main from Searcher@202264da main
	queryResultCache{lookups=15,hits=13,hitratio=0.86,inserts=2,evictions=0,size=2,warmupTime=0,cumulative_lookups=15,cumulative_hits=13,cumulative_hitratio=0.86,cumulative_inserts=2,cumulative_evictions=0}
Nov 1, 2011 12:24:55 PM org.apache.solr.search.SolrIndexSearcher warm
INFO: autowarming result for Searcher@6257828d main
	queryResultCache{lookups=0,hits=0,hitratio=0.00,inserts=0,evictions=0,size=0,warmupTime=0,cumulative_lookups=15,cumulative_hits=13,cumulative_hitratio=0.86,cumulative_inserts=2,cumulative_evictions=0}
Nov 1, 2011 12:24:55 PM org.apache.solr.search.SolrIndexSearcher warm
INFO: autowarming Searcher@6257828d main from Searcher@202264da main
	documentCache{lookups=842,hits=812,hitratio=0.96,inserts=30,evictions=0,size=30,warmupTime=0,cumulative_lookups=842,cumulative_hits=812,cumulative_hitratio=0.96,cumulative_inserts=30,cumulative_evictions=0}
Nov 1, 2011 12:24:55 PM org.apache.solr.search.SolrIndexSearcher warm
INFO: autowarming result for Searcher@6257828d main
	documentCache{lookups=0,hits=0,hitratio=0.00,inserts=0,evictions=0,size=0,warmupTime=0,cumulative_lookups=842,cumulative_hits=812,cumulative_hitratio=0.96,cumulative_inserts=30,cumulative_evictions=0}
Nov 1, 2011 12:24:55 PM org.apache.solr.core.QuerySenderListener newSearcher
INFO: QuerySenderListener sending requests to Searcher@6257828d main
Nov 1, 2011 12:24:55 PM org.apache.solr.core.QuerySenderListener newSearcher
INFO: QuerySenderListener done.
Nov 1, 2011 12:24:55 PM org.apache.solr.core.SolrCore registerSearcher
INFO: [] Registered new searcher Searcher@6257828d main
Nov 1, 2011 12:24:55 PM org.apache.solr.search.SolrIndexSearcher close
INFO: Closing Searcher@202264da main
	fieldValueCache{lookups=0,hits=0,hitratio=0.00,inserts=0,evictions=0,size=0,warmupTime=0,cumulative_lookups=0,cumulative_hits=0,cumulative_hitratio=0.00,cumulative_inserts=0,cumulative_evictions=0}
	filterCache{lookups=2,hits=1,hitratio=0.50,inserts=1,evictions=0,size=1,warmupTime=0,cumulative_lookups=2,cumulative_hits=1,cumulative_hitratio=0.50,cumulative_inserts=1,cumulative_evictions=0}
	queryResultCache{lookups=15,hits=13,hitratio=0.86,inserts=2,evictions=0,size=2,warmupTime=0,cumulative_lookups=15,cumulative_hits=13,cumulative_hitratio=0.86,cumulative_inserts=2,cumulative_evictions=0}
	documentCache{lookups=842,hits=812,hitratio=0.96,inserts=30,evictions=0,size=30,warmupTime=0,cumulative_lookups=842,cumulative_hits=812,cumulative_hitratio=0.96,cumulative_inserts=30,cumulative_evictions=0}
Nov 1, 2011 12:24:55 PM org.apache.solr.update.processor.LogUpdateProcessor finish
INFO: {commit=} 0 35
Nov 1, 2011 12:24:55 PM org.apache.solr.core.SolrCore execute
INFO: [] webapp=/solr path=/update params={wt=ruby} status=0 QTime=35 
Nov 1, 2011 12:26:49 PM org.apache.solr.core.SolrDeletionPolicy onInit
INFO: SolrDeletionPolicy.onInit: commits:num=1
	commit{dir=/Users/grit/Projects/rails/sample_app/solr/data/development/index,segFN=segments_3,version=1320162141108,generation=3,filenames=[_0.tis, _0.nrm, _1.tis, _0.fnm, _1.frq, _0_1.del, _1.fnm, _1.fdx, _1.prx, _0.tii, _1.fdt, _0.frq, _1.tii, _0.fdx, _0.prx, _1.nrm, segments_3, _0.fdt]
Nov 1, 2011 12:26:49 PM org.apache.solr.core.SolrDeletionPolicy updateCommits
INFO: newest commit = 1320162141108
Nov 1, 2011 12:26:49 PM org.apache.solr.update.processor.LogUpdateProcessor finish
INFO: {deleteByQuery=type:User} 0 4
Nov 1, 2011 12:26:49 PM org.apache.solr.core.SolrCore execute
INFO: [] webapp=/solr path=/update params={wt=ruby} status=0 QTime=4 
Nov 1, 2011 12:26:49 PM org.apache.solr.update.processor.LogUpdateProcessor finish
INFO: {add=[User 1, User 2, User 3, User 4, User 5, User 6, User 7, User 8, ... (8 added)]} 0 15
Nov 1, 2011 12:26:49 PM org.apache.solr.core.SolrCore execute
INFO: [] webapp=/solr path=/update params={wt=ruby} status=0 QTime=15 
Nov 1, 2011 12:26:49 PM org.apache.solr.update.processor.LogUpdateProcessor finish
INFO: {add=[User 51, User 52, User 53, User 54, User 55, User 56, User 57, User 58, ... (8 added)]} 0 12
Nov 1, 2011 12:26:49 PM org.apache.solr.core.SolrCore execute
INFO: [] webapp=/solr path=/update params={wt=ruby} status=0 QTime=12 
Nov 1, 2011 12:26:49 PM org.apache.solr.update.DirectUpdateHandler2 commit
INFO: start commit(optimize=false,waitFlush=false,waitSearcher=true,expungeDeletes=false)
Nov 1, 2011 12:26:49 PM org.apache.solr.core.SolrDeletionPolicy onCommit
INFO: SolrDeletionPolicy.onCommit: commits:num=2
	commit{dir=/Users/grit/Projects/rails/sample_app/solr/data/development/index,segFN=segments_3,version=1320162141108,generation=3,filenames=[_0.tis, _0.nrm, _1.tis, _0.fnm, _1.frq, _0_1.del, _1.fnm, _1.fdx, _1.prx, _0.tii, _1.fdt, _0.frq, _1.tii, _0.fdx, _0.prx, _1.nrm, segments_3, _0.fdt]
	commit{dir=/Users/grit/Projects/rails/sample_app/solr/data/development/index,segFN=segments_4,version=1320162141109,generation=4,filenames=[_0.tis, _1.frq, _2.tii, _1.fnm, _1.tii, _0.prx, _0.nrm, _0.fnm, _1.tis, _2.prx, _2.fdt, _0_1.del, _2.frq, _1_1.del, _2.fdx, _2.fnm, _1.prx, _1.fdx, _2.tis, _0.tii, _1.fdt, _0.frq, _0.fdx, _0.fdt, _1.nrm, _2.nrm, segments_4]
Nov 1, 2011 12:26:49 PM org.apache.solr.core.SolrDeletionPolicy updateCommits
INFO: newest commit = 1320162141109
Nov 1, 2011 12:26:49 PM org.apache.solr.search.SolrIndexSearcher <init>
INFO: Opening Searcher@eb3ae5c main
Nov 1, 2011 12:26:49 PM org.apache.solr.update.DirectUpdateHandler2 commit
INFO: end_commit_flush
Nov 1, 2011 12:26:49 PM org.apache.solr.search.SolrIndexSearcher warm
INFO: autowarming Searcher@eb3ae5c main from Searcher@6257828d main
	fieldValueCache{lookups=0,hits=0,hitratio=0.00,inserts=0,evictions=0,size=0,warmupTime=0,cumulative_lookups=0,cumulative_hits=0,cumulative_hitratio=0.00,cumulative_inserts=0,cumulative_evictions=0}
Nov 1, 2011 12:26:49 PM org.apache.solr.search.SolrIndexSearcher warm
INFO: autowarming result for Searcher@eb3ae5c main
	fieldValueCache{lookups=0,hits=0,hitratio=0.00,inserts=0,evictions=0,size=0,warmupTime=0,cumulative_lookups=0,cumulative_hits=0,cumulative_hitratio=0.00,cumulative_inserts=0,cumulative_evictions=0}
Nov 1, 2011 12:26:49 PM org.apache.solr.search.SolrIndexSearcher warm
INFO: autowarming Searcher@eb3ae5c main from Searcher@6257828d main
	filterCache{lookups=0,hits=0,hitratio=0.00,inserts=0,evictions=0,size=0,warmupTime=0,cumulative_lookups=2,cumulative_hits=1,cumulative_hitratio=0.50,cumulative_inserts=1,cumulative_evictions=0}
Nov 1, 2011 12:26:49 PM org.apache.solr.search.SolrIndexSearcher warm
INFO: autowarming result for Searcher@eb3ae5c main
	filterCache{lookups=0,hits=0,hitratio=0.00,inserts=0,evictions=0,size=0,warmupTime=0,cumulative_lookups=2,cumulative_hits=1,cumulative_hitratio=0.50,cumulative_inserts=1,cumulative_evictions=0}
Nov 1, 2011 12:26:49 PM org.apache.solr.search.SolrIndexSearcher warm
INFO: autowarming Searcher@eb3ae5c main from Searcher@6257828d main
	queryResultCache{lookups=0,hits=0,hitratio=0.00,inserts=0,evictions=0,size=0,warmupTime=0,cumulative_lookups=15,cumulative_hits=13,cumulative_hitratio=0.86,cumulative_inserts=2,cumulative_evictions=0}
Nov 1, 2011 12:26:49 PM org.apache.solr.search.SolrIndexSearcher warm
INFO: autowarming result for Searcher@eb3ae5c main
	queryResultCache{lookups=0,hits=0,hitratio=0.00,inserts=0,evictions=0,size=0,warmupTime=0,cumulative_lookups=15,cumulative_hits=13,cumulative_hitratio=0.86,cumulative_inserts=2,cumulative_evictions=0}
Nov 1, 2011 12:26:49 PM org.apache.solr.search.SolrIndexSearcher warm
INFO: autowarming Searcher@eb3ae5c main from Searcher@6257828d main
	documentCache{lookups=0,hits=0,hitratio=0.00,inserts=0,evictions=0,size=0,warmupTime=0,cumulative_lookups=842,cumulative_hits=812,cumulative_hitratio=0.96,cumulative_inserts=30,cumulative_evictions=0}
Nov 1, 2011 12:26:49 PM org.apache.solr.search.SolrIndexSearcher warm
INFO: autowarming result for Searcher@eb3ae5c main
	documentCache{lookups=0,hits=0,hitratio=0.00,inserts=0,evictions=0,size=0,warmupTime=0,cumulative_lookups=842,cumulative_hits=812,cumulative_hitratio=0.96,cumulative_inserts=30,cumulative_evictions=0}
Nov 1, 2011 12:26:49 PM org.apache.solr.core.QuerySenderListener newSearcher
INFO: QuerySenderListener sending requests to Searcher@eb3ae5c main
Nov 1, 2011 12:26:49 PM org.apache.solr.core.QuerySenderListener newSearcher
INFO: QuerySenderListener done.
Nov 1, 2011 12:26:49 PM org.apache.solr.core.SolrCore registerSearcher
INFO: [] Registered new searcher Searcher@eb3ae5c main
Nov 1, 2011 12:26:49 PM org.apache.solr.search.SolrIndexSearcher close
INFO: Closing Searcher@6257828d main
	fieldValueCache{lookups=0,hits=0,hitratio=0.00,inserts=0,evictions=0,size=0,warmupTime=0,cumulative_lookups=0,cumulative_hits=0,cumulative_hitratio=0.00,cumulative_inserts=0,cumulative_evictions=0}
	filterCache{lookups=0,hits=0,hitratio=0.00,inserts=0,evictions=0,size=0,warmupTime=0,cumulative_lookups=2,cumulative_hits=1,cumulative_hitratio=0.50,cumulative_inserts=1,cumulative_evictions=0}
	queryResultCache{lookups=0,hits=0,hitratio=0.00,inserts=0,evictions=0,size=0,warmupTime=0,cumulative_lookups=15,cumulative_hits=13,cumulative_hitratio=0.86,cumulative_inserts=2,cumulative_evictions=0}
	documentCache{lookups=0,hits=0,hitratio=0.00,inserts=0,evictions=0,size=0,warmupTime=0,cumulative_lookups=842,cumulative_hits=812,cumulative_hitratio=0.96,cumulative_inserts=30,cumulative_evictions=0}
Nov 1, 2011 12:26:49 PM org.apache.solr.update.processor.LogUpdateProcessor finish
INFO: {commit=} 0 19
Nov 1, 2011 12:26:49 PM org.apache.solr.core.SolrCore execute
INFO: [] webapp=/solr path=/update params={wt=ruby} status=0 QTime=19 
Nov 1, 2011 12:27:10 PM org.apache.solr.core.SolrCore execute
INFO: [] webapp=/solr path=/select params={fl=*+score&start=0&q=Example+User&qf=name_text+handle_text&wt=ruby&fq=type:User&defType=dismax&rows=30} hits=1 status=0 QTime=2 
Nov 1, 2011 12:27:23 PM org.apache.solr.core.SolrCore execute
INFO: [] webapp=/solr path=/select params={fl=*+score&start=0&q=grit-1&qf=name_text+handle_text&wt=ruby&fq=type:User&defType=dismax&rows=30} hits=1 status=0 QTime=2 
Nov 1, 2011 12:30:16 PM org.apache.solr.core.SolrCore execute
INFO: [] webapp=/solr path=/select params={wt=ruby&start=0&fq=type:User&q=*:*&rows=30} hits=100 status=0 QTime=1 
Nov 1, 2011 1:15:08 PM org.apache.solr.core.SolrCore execute
INFO: [] webapp=/solr path=/select params={fl=*+score&start=0&q=grit&qf=name_text+handle_text&wt=ruby&fq=type:User&defType=dismax&rows=30} hits=1 status=0 QTime=1 
Nov 1, 2011 1:15:19 PM org.apache.solr.core.SolrCore execute
INFO: [] webapp=/solr path=/select params={fl=*+score&start=0&q=grit-1&qf=name_text+handle_text&wt=ruby&fq=type:User&defType=dismax&rows=30} hits=1 status=0 QTime=0 
Nov 1, 2011 2:33:16 PM org.apache.solr.core.SolrCore execute
INFO: [] webapp=/solr path=/select params={fl=*+score&start=0&q=grit&qf=name_text+handle_text&wt=ruby&fq=type:User&defType=dismax&rows=30} hits=1 status=0 QTime=0 
Nov 1, 2011 2:33:20 PM org.apache.solr.core.SolrCore execute
INFO: [] webapp=/solr path=/select params={fl=*+score&start=0&q=grit&qf=name_text+handle_text&wt=ruby&fq=type:User&defType=dismax&rows=30} hits=1 status=0 QTime=1 
Nov 1, 2011 2:33:28 PM org.apache.solr.core.SolrCore execute
INFO: [] webapp=/solr path=/select params={fl=*+score&start=0&q=bob&qf=name_text+handle_text&wt=ruby&fq=type:User&defType=dismax&rows=30} hits=0 status=0 QTime=2 
Nov 1, 2011 2:33:33 PM org.apache.solr.core.SolrCore execute
INFO: [] webapp=/solr path=/select params={fl=*+score&start=0&q=grit&qf=name_text+handle_text&wt=ruby&fq=type:User&defType=dismax&rows=30} hits=1 status=0 QTime=1 
Nov 1, 2011 2:33:40 PM org.apache.solr.core.SolrCore execute
INFO: [] webapp=/solr path=/select params={fl=*+score&start=0&q=grit-99&qf=name_text+handle_text&wt=ruby&fq=type:User&defType=dismax&rows=30} hits=1 status=0 QTime=1 
Nov 1, 2011 2:36:21 PM org.apache.solr.core.SolrCore execute
INFO: [] webapp=/solr path=/select params={fl=*+score&start=0&q=grit&qf=name_text+handle_text&wt=ruby&fq=type:User&defType=dismax&rows=30} hits=1 status=0 QTime=1 
Nov 1, 2011 2:43:12 PM org.apache.solr.core.SolrCore execute
INFO: [] webapp=/solr path=/select params={fl=*+score&start=0&q=grit&qf=name_text+handle_text&wt=ruby&fq=type:User&defType=dismax&rows=30} hits=1 status=0 QTime=1 
Nov 1, 2011 2:58:25 PM org.apache.solr.core.SolrCore execute
INFO: [] webapp=/solr path=/select params={fl=*+score&start=0&q=grit&qf=name_text+handle_text&wt=ruby&fq=type:User&defType=dismax&rows=30} hits=1 status=0 QTime=0 
Nov 1, 2011 2:58:35 PM org.apache.solr.core.SolrCore execute
INFO: [] webapp=/solr path=/select params={fl=*+score&start=0&q=grit&qf=name_text+handle_text&wt=ruby&fq=type:User&defType=dismax&rows=30} hits=1 status=0 QTime=1 
Nov 1, 2011 2:58:42 PM org.apache.solr.core.SolrCore execute
INFO: [] webapp=/solr path=/select params={fl=*+score&start=0&q=grit&qf=name_text+handle_text&wt=ruby&fq=type:User&defType=dismax&rows=30} hits=1 status=0 QTime=1 
Nov 1, 2011 2:58:57 PM org.apache.solr.core.SolrCore execute
INFO: [] webapp=/solr path=/select params={fl=*+score&start=0&q=grit&qf=name_text+handle_text&wt=ruby&fq=type:User&defType=dismax&rows=30} hits=1 status=0 QTime=0 
Nov 1, 2011 3:00:58 PM org.apache.solr.core.SolrCore execute
INFO: [] webapp=/solr path=/select params={wt=ruby&start=0&fq=type:User&q=*:*&rows=30} hits=100 status=0 QTime=1 
Nov 1, 2011 3:01:24 PM org.apache.solr.core.SolrCore execute
INFO: [] webapp=/solr path=/select params={wt=ruby&start=0&fq=type:User&q=*:*&rows=30} hits=100 status=0 QTime=0 
Nov 1, 2011 3:05:58 PM org.apache.solr.core.SolrCore execute
INFO: [] webapp=/solr path=/select params={wt=ruby&start=0&fq=type:User&q=*:*&rows=30} hits=100 status=0 QTime=1 
Nov 1, 2011 3:06:44 PM org.apache.solr.core.SolrCore execute
INFO: [] webapp=/solr path=/select params={fl=*+score&start=0&q=grit&qf=name_text+handle_text&wt=ruby&fq=type:User&defType=dismax&rows=30} hits=1 status=0 QTime=1 
Nov 1, 2011 3:16:30 PM org.apache.solr.core.SolrCore execute
INFO: [] webapp=/solr path=/select params={fl=*+score&start=0&q=grit&qf=name_text+handle_text&wt=ruby&fq=type:User&defType=dismax&rows=30} hits=1 status=0 QTime=0 
Nov 1, 2011 3:17:37 PM org.apache.solr.core.SolrCore execute
INFO: [] webapp=/solr path=/select params={fl=*+score&start=0&q=grit&qf=name_text+handle_text&wt=ruby&fq=type:User&defType=dismax&rows=30} hits=1 status=0 QTime=1 
Nov 1, 2011 3:17:57 PM org.apache.solr.core.SolrCore execute
INFO: [] webapp=/solr path=/select params={fl=*+score&start=0&q=grit&qf=name_text+handle_text&wt=ruby&fq=type:User&defType=dismax&rows=30} hits=1 status=0 QTime=1 
Nov 1, 2011 3:19:18 PM org.apache.solr.core.SolrCore execute
INFO: [] webapp=/solr path=/select params={fl=*+score&start=0&q=grit&qf=name_text+handle_text&wt=ruby&fq=type:User&defType=dismax&rows=30} hits=1 status=0 QTime=0 
Nov 1, 2011 3:19:41 PM org.apache.solr.core.SolrCore execute
INFO: [] webapp=/solr path=/select params={fl=*+score&start=0&q=g&qf=name_text+handle_text&wt=ruby&fq=type:User&defType=dismax&rows=30} hits=0 status=0 QTime=1 
Nov 1, 2011 5:24:15 PM org.apache.solr.core.SolrCore execute
INFO: [] webapp=/solr path=/select params={fl=*+score&start=0&q=g&qf=name_text+handle_text&wt=ruby&fq=type:User&defType=dismax&rows=30} hits=0 status=0 QTime=1 
Nov 1, 2011 5:25:19 PM org.apache.solr.core.SolrCore execute
INFO: [] webapp=/solr path=/select params={fl=*+score&start=0&q=g&qf=name_text+handle_text&wt=ruby&fq=type:User&defType=dismax&rows=30} hits=0 status=0 QTime=0 
Nov 1, 2011 5:29:38 PM org.apache.solr.core.SolrCore execute
INFO: [] webapp=/solr path=/select params={fl=*+score&start=0&q=g&qf=name_text+handle_text&wt=ruby&fq=type:User&defType=dismax&rows=30} hits=0 status=0 QTime=1 
Nov 1, 2011 5:30:15 PM org.apache.solr.core.SolrCore execute
INFO: [] webapp=/solr path=/select params={fl=*+score&start=0&q=g&qf=name_text+handle_text&wt=ruby&fq=type:User&defType=dismax&rows=30} hits=0 status=0 QTime=1 
Nov 1, 2011 5:41:26 PM org.apache.solr.core.SolrCore execute
INFO: [] webapp=/solr path=/select params={fl=*+score&start=0&q=g&qf=name_text+handle_text&wt=ruby&fq=type:User&defType=dismax&rows=30} hits=0 status=0 QTime=0 
Nov 1, 2011 5:41:41 PM org.apache.solr.core.SolrCore execute
INFO: [] webapp=/solr path=/select params={fl=*+score&start=0&q=g&qf=name_text+handle_text&wt=ruby&fq=type:User&defType=dismax&rows=30} hits=0 status=0 QTime=1 
Nov 1, 2011 5:45:03 PM org.apache.solr.core.SolrCore execute
INFO: [] webapp=/solr path=/select params={fl=*+score&start=0&q=g&qf=name_text+handle_text&wt=ruby&fq=type:User&defType=dismax&rows=30} hits=0 status=0 QTime=0 
Nov 1, 2011 5:45:20 PM org.apache.solr.core.SolrCore execute
INFO: [] webapp=/solr path=/select params={fl=*+score&start=0&q=grit&qf=name_text+handle_text&wt=ruby&fq=type:User&defType=dismax&rows=30} hits=1 status=0 QTime=0 
Nov 1, 2011 5:45:28 PM org.apache.solr.core.SolrCore execute
INFO: [] webapp=/solr path=/select params={wt=ruby&start=0&fq=type:User&q=*:*&rows=30} hits=100 status=0 QTime=1 
Nov 1, 2011 5:45:41 PM org.apache.solr.core.SolrCore execute
INFO: [] webapp=/solr path=/select params={wt=ruby&start=0&fq=type:User&q=*:*&rows=30} hits=100 status=0 QTime=0 
Nov 1, 2011 5:45:50 PM org.apache.solr.core.SolrCore execute
INFO: [] webapp=/solr path=/select params={fl=*+score&start=0&q=grit&qf=name_text+handle_text&wt=ruby&fq=type:User&defType=dismax&rows=30} hits=1 status=0 QTime=0 
Nov 1, 2011 5:49:17 PM org.apache.solr.core.SolrCore execute
INFO: [] webapp=/solr path=/select params={fl=*+score&start=0&q=grit&qf=name_text+handle_text&wt=ruby&fq=type:User&defType=dismax&rows=30} hits=1 status=0 QTime=1 
Nov 1, 2011 5:50:15 PM org.apache.solr.core.SolrCore execute
INFO: [] webapp=/solr path=/select params={fl=*+score&start=0&q=grit&qf=name_text+handle_text&wt=ruby&fq=type:User&defType=dismax&rows=30} hits=1 status=0 QTime=1 
